E:\EXPERIMENT\TASK\COLORIMAGE-7METHOD\COLORIMAGE\DEBUG\CHILDFRM.OBJ
E:\experiment\task\ColorImage-7method\ColorImage\Debug\cl.command.1.tlog
E:\experiment\task\ColorImage-7method\ColorImage\Debug\CL.read.1.tlog
E:\experiment\task\ColorImage-7method\ColorImage\Debug\CL.write.1.tlog
E:\EXPERIMENT\TASK\COLORIMAGE-7METHOD\COLORIMAGE\DEBUG\COLORIMAGE.EXE.EMBED.MANIFEST
E:\EXPERIMENT\TASK\COLORIMAGE-7METHOD\COLORIMAGE\DEBUG\COLORIMAGE.EXE.EMBED.MANIFEST.RES
E:\EXPERIMENT\TASK\COLORIMAGE-7METHOD\COLORIMAGE\DEBUG\COLORIMAGE.EXE.INTERMEDIATE.MANIFEST
E:\EXPERIMENT\TASK\COLORIMAGE-7METHOD\COLORIMAGE\DEBUG\COLORIMAGE.RES
E:\experiment\task\ColorImage-7method\ColorImage\Debug\ColorImage_manifest.rc
E:\EXPERIMENT\TASK\COLORIMAGE-7METHOD\COLORIMAGE\DEBUG\DEPREJBG.OBJ
E:\EXPERIMENT\TASK\COLORIMAGE-7METHOD\COLORIMAGE\DEBUG\DEPREJBGDOC.OBJ
E:\EXPERIMENT\TASK\COLORIMAGE-7METHOD\COLORIMAGE\DEBUG\DEPREJBGVIEW.OBJ
E:\EXPERIMENT\TASK\COLORIMAGE-7METHOD\COLORIMAGE\DEBUG\JBIGA.OBJ
E:\EXPERIMENT\TASK\COLORIMAGE-7METHOD\COLORIMAGE\DEBUG\JBIGT.OBJ
E:\experiment\task\ColorImage-7method\ColorImage\Debug\link.command.1.tlog
E:\experiment\task\ColorImage-7method\ColorImage\Debug\link.read.1.tlog
E:\experiment\task\ColorImage-7method\ColorImage\Debug\link.write.1.tlog
E:\experiment\task\ColorImage-7method\ColorImage\Debug\link-cvtres.read.1.tlog
E:\experiment\task\ColorImage-7method\ColorImage\Debug\link-cvtres.write.1.tlog
E:\EXPERIMENT\TASK\COLORIMAGE-7METHOD\COLORIMAGE\DEBUG\MAINFRM.OBJ
E:\experiment\task\ColorImage-7method\ColorImage\Debug\mt.command.1.tlog
E:\experiment\task\ColorImage-7method\ColorImage\Debug\mt.read.1.tlog
E:\experiment\task\ColorImage-7method\ColorImage\Debug\mt.write.1.tlog
E:\experiment\task\ColorImage-7method\ColorImage\Debug\rc.command.1.tlog
E:\experiment\task\ColorImage-7method\ColorImage\Debug\rc.read.1.tlog
E:\experiment\task\ColorImage-7method\ColorImage\Debug\rc.write.1.tlog
E:\EXPERIMENT\TASK\COLORIMAGE-7METHOD\COLORIMAGE\DEBUG\SHPN.OBJ
E:\EXPERIMENT\TASK\COLORIMAGE-7METHOD\COLORIMAGE\DEBUG\STDAFX.OBJ
E:\experiment\task\ColorImage-7method\ColorImage\Debug\vc100.idb
E:\EXPERIMENT\TASK\COLORIMAGE-7METHOD\COLORIMAGE\DEBUG\VC100.PDB
E:\EXPERIMENT\TASK\COLORIMAGE-7METHOD\DEBUG\COLORIMAGE.EXE
E:\EXPERIMENT\TASK\COLORIMAGE-7METHOD\DEBUG\COLORIMAGE.ILK
E:\EXPERIMENT\TASK\COLORIMAGE-7METHOD\DEBUG\COLORIMAGE.PDB
